<?xml version="1.0" encoding="UTF-8"?>
<!-- Generated by org.testng.reporters.JUnitReportReporter -->
<testsuite skipped="0" hostname="LAPTOP-D2ATB4FR" name="testCases.CheCkLogin" tests="4" failures="0" timestamp="31 May 2020 04:57:41 GMT" time="45.145" errors="0">
  <testcase name="login" time="10.757" classname="testCases.CheCkLogin"/>
  <testcase name="login" time="10.979" classname="testCases.CheCkLogin"/>
  <testcase name="login" time="10.975" classname="testCases.CheCkLogin"/>
  <testcase name="login" time="12.434" classname="testCases.CheCkLogin"/>
</testsuite> <!-- testCases.CheCkLogin -->
