<?xml version="1.0" encoding="UTF-8"?>
<!-- Generated by org.testng.reporters.JUnitReportReporter -->
<testsuite skipped="0" hostname="LAPTOP-D2ATB4FR" name="testCases.CheCkLogin" tests="1" failures="0" timestamp="09 Sep 2019 18:00:33 GMT" time="74.753" errors="0">
  <testcase name="login" time="74.753" classname="testCases.CheCkLogin"/>
</testsuite> <!-- testCases.CheCkLogin -->
