<?xml version="1.0" encoding="UTF-8"?>
<!-- Generated by org.testng.reporters.JUnitReportReporter -->
<testsuite skipped="0" hostname="LAPTOP-D2ATB4FR" name="testCases.NewTest" tests="20" failures="0" timestamp="24 Nov 2018 10:45:04 GMT" time="335.523" errors="0">
  <testcase name="login" time="18.600" classname="testCases.NewTest"/>
  <testcase name="login" time="17.810" classname="testCases.NewTest"/>
  <testcase name="login" time="17.638" classname="testCases.NewTest"/>
  <testcase name="login" time="14.567" classname="testCases.NewTest"/>
  <testcase name="login" time="17.782" classname="testCases.NewTest"/>
  <testcase name="login" time="17.328" classname="testCases.NewTest"/>
  <testcase name="login" time="16.386" classname="testCases.NewTest"/>
  <testcase name="login" time="16.228" classname="testCases.NewTest"/>
  <testcase name="login" time="16.730" classname="testCases.NewTest"/>
  <testcase name="login" time="14.900" classname="testCases.NewTest"/>
  <testcase name="login" time="16.420" classname="testCases.NewTest"/>
  <testcase name="login" time="16.138" classname="testCases.NewTest"/>
  <testcase name="login" time="16.291" classname="testCases.NewTest"/>
  <testcase name="login" time="15.984" classname="testCases.NewTest"/>
  <testcase name="login" time="18.523" classname="testCases.NewTest"/>
  <testcase name="login" time="16.331" classname="testCases.NewTest"/>
  <testcase name="login" time="17.252" classname="testCases.NewTest"/>
  <testcase name="login" time="15.949" classname="testCases.NewTest"/>
  <testcase name="login" time="17.755" classname="testCases.NewTest"/>
  <testcase name="login" time="16.911" classname="testCases.NewTest"/>
</testsuite> <!-- testCases.NewTest -->
