<?xml version="1.0" encoding="UTF-8"?>
<!-- Generated by org.testng.reporters.JUnitReportReporter -->
<testsuite skipped="0" hostname="LAPTOP-D2ATB4FR" name="testCases.CheckLoginFailure" tests="1" failures="0" timestamp="31 May 2020 04:55:23 GMT" time="13.091" errors="0">
  <testcase name="loginFail" time="13.091" classname="testCases.CheckLoginFailure"/>
</testsuite> <!-- testCases.CheckLoginFailure -->
