<?xml version="1.0" encoding="UTF-8"?>
<!-- Generated by org.testng.reporters.JUnitReportReporter -->
<testsuite skipped="0" hostname="LAPTOP-D2ATB4FR" name="testCases.NewTest" tests="3" failures="0" timestamp="23 Nov 2018 08:55:37 GMT" time="72.366" errors="0">
  <testcase name="login" time="16.467" classname="testCases.NewTest"/>
  <testcase name="login" time="18.987" classname="testCases.NewTest"/>
  <testcase name="login" time="36.912" classname="testCases.NewTest"/>
</testsuite> <!-- testCases.NewTest -->
