<?xml version="1.0" encoding="UTF-8"?>
<!-- Generated by org.testng.reporters.JUnitReportReporter -->
<testsuite skipped="0" hostname="LAPTOP-D2ATB4FR" name="testCases.DuplicateArray" tests="1" failures="0" timestamp="17 Dec 2018 17:17:02 GMT" time="0.016" errors="0">
  <testcase name="f" time="0.016" classname="testCases.DuplicateArray"/>
</testsuite> <!-- testCases.DuplicateArray -->
