<?xml version="1.0" encoding="UTF-8"?>
<!-- Generated by org.testng.reporters.JUnitReportReporter -->
<testsuite skipped="0" hostname="LAPTOP-D2ATB4FR" name="testCases.Pactise" tests="1" failures="0" timestamp="03 Dec 2018 03:52:30 GMT" time="0.021" errors="0">
  <testcase name="f" time="0.021" classname="testCases.Pactise"/>
</testsuite> <!-- testCases.Pactise -->
