<?xml version="1.0" encoding="UTF-8"?>
<!-- Generated by org.testng.reporters.JUnitReportReporter -->
<testsuite skipped="0" hostname="LAPTOP-D2ATB4FR" name="testCases.NewTest" tests="1" failures="0" timestamp="24 Nov 2018 10:03:13 GMT" time="65.086" errors="0">
  <testcase name="login" time="65.086" classname="testCases.NewTest"/>
</testsuite> <!-- testCases.NewTest -->
