<?xml version="1.0" encoding="UTF-8"?>
<!-- Generated by org.testng.reporters.JUnitReportReporter -->
<testsuite skipped="0" hostname="LAPTOP-D2ATB4FR" name="testCases.NumberPalindrome" tests="1" failures="0" timestamp="13 Dec 2018 15:24:40 GMT" time="3.461" errors="0">
  <testcase name="f" time="3.461" classname="testCases.NumberPalindrome"/>
</testsuite> <!-- testCases.NumberPalindrome -->
