<?xml version="1.0" encoding="UTF-8"?>
<!-- Generated by org.testng.reporters.JUnitReportReporter -->
<testsuite skipped="0" hostname="LAPTOP-D2ATB4FR" name="testCases.DuplicateArray" tests="1" failures="0" timestamp="21 Feb 2020 13:38:02 GMT" time="0.064" errors="0">
  <testcase name="f" time="0.064" classname="testCases.DuplicateArray"/>
</testsuite> <!-- testCases.DuplicateArray -->
