<?xml version="1.0" encoding="UTF-8"?>
<!-- Generated by org.testng.reporters.JUnitReportReporter -->
<testsuite skipped="0" hostname="LAPTOP-D2ATB4FR" name="testCases.StringPalindrome" tests="1" failures="0" timestamp="13 Dec 2018 15:07:59 GMT" time="3.258" errors="0">
  <testcase name="f" time="3.258" classname="testCases.StringPalindrome"/>
</testsuite> <!-- testCases.StringPalindrome -->
