<?xml version="1.0" encoding="UTF-8"?>
<!-- Generated by org.testng.reporters.JUnitReportReporter -->
<testsuite skipped="0" hostname="LAPTOP-D2ATB4FR" name="testCases.DuplicateStringUsingSet" tests="1" failures="0" timestamp="08 Feb 2019 14:42:21 GMT" time="0.015" errors="0">
  <testcase name="f" time="0.015" classname="testCases.DuplicateStringUsingSet"/>
</testsuite> <!-- testCases.DuplicateStringUsingSet -->
