<?xml version="1.0" encoding="UTF-8"?>
<!-- Generated by org.testng.reporters.JUnitReportReporter -->
<testsuite skipped="0" hostname="LAPTOP-D2ATB4FR" name="testCases.SumOfDigit" tests="1" failures="0" timestamp="25 May 2019 09:29:05 GMT" time="3.765" errors="0">
  <testcase name="f" time="3.765" classname="testCases.SumOfDigit"/>
</testsuite> <!-- testCases.SumOfDigit -->
