<?xml version="1.0" encoding="UTF-8"?>
<!-- Generated by org.testng.reporters.JUnitReportReporter -->
<testsuite skipped="0" hostname="LAPTOP-D2ATB4FR" name="testCases.NewTest" tests="3" failures="0" timestamp="20 Nov 2018 10:20:59 GMT" time="43.804" errors="0">
  <testcase name="login" time="13.879" classname="testCases.NewTest"/>
  <testcase name="login" time="14.924" classname="testCases.NewTest"/>
  <testcase name="login" time="15.001" classname="testCases.NewTest"/>
</testsuite> <!-- testCases.NewTest -->
